Started GET "/" for ::1 at 2022-01-25 19:29:25 -0600
  [1m[35m (6.2ms)[0m  [1m[34mSELECT sqlite_version(*)[0m
Processing by Rails::WelcomeController#index as HTML
  Rendering /Users/jakegoodman/.rvm/gems/ruby-3.0.0/gems/railties-7.0.1/lib/rails/templates/rails/welcome/index.html.erb
  Rendered /Users/jakegoodman/.rvm/gems/ruby-3.0.0/gems/railties-7.0.1/lib/rails/templates/rails/welcome/index.html.erb (Duration: 9.5ms | Allocations: 730)
Completed 200 OK in 69ms (Views: 25.7ms | ActiveRecord: 0.0ms | Allocations: 7046)


Started GET "/" for ::1 at 2022-01-25 19:31:22 -0600
Processing by PagesController#home as HTML
  Rendering layout layouts/application.html.erb
  Rendering pages/home.html.erb within layouts/application
  Rendered pages/home.html.erb within layouts/application (Duration: 2.3ms | Allocations: 124)
  Rendered layout layouts/application.html.erb (Duration: 403.9ms | Allocations: 96778)
Completed 200 OK in 409ms (Views: 406.9ms | Allocations: 97899)


Started GET "/about" for ::1 at 2022-01-25 19:31:25 -0600
Processing by PagesController#about as HTML
  Rendering layout layouts/application.html.erb
  Rendering pages/about.html.erb within layouts/application
  Rendered pages/about.html.erb within layouts/application (Duration: 1.9ms | Allocations: 115)
  Rendered layout layouts/application.html.erb (Duration: 8.2ms | Allocations: 2488)
Completed 200 OK in 10ms (Views: 8.7ms | Allocations: 2867)


Started GET "/about" for ::1 at 2022-01-25 19:31:43 -0600
Processing by PagesController#about as HTML
  Rendering layout layouts/application.html.erb
  Rendering pages/about.html.erb within layouts/application
  Rendered pages/about.html.erb within layouts/application (Duration: 0.0ms | Allocations: 15)
  Rendered layout layouts/application.html.erb (Duration: 5.8ms | Allocations: 2363)
Completed 200 OK in 8ms (Views: 6.3ms | Allocations: 2679)


Started GET "/about" for ::1 at 2022-01-25 19:31:48 -0600
Processing by PagesController#about as HTML
  Rendering layout layouts/application.html.erb
  Rendering pages/about.html.erb within layouts/application
  Rendered pages/about.html.erb within layouts/application (Duration: 2.6ms | Allocations: 123)
  Rendered layout layouts/application.html.erb (Duration: 10.4ms | Allocations: 2764)
Completed 200 OK in 16ms (Views: 13.9ms | Allocations: 3797)


