Started GET "/" for ::1 at 2022-01-25 19:29:25 -0600
  [1m[35m (6.2ms)[0m  [1m[34mSELECT sqlite_version(*)[0m
Processing by Rails::WelcomeController#index as HTML
  Rendering /Users/jakegoodman/.rvm/gems/ruby-3.0.0/gems/railties-7.0.1/lib/rails/templates/rails/welcome/index.html.erb
  Rendered /Users/jakegoodman/.rvm/gems/ruby-3.0.0/gems/railties-7.0.1/lib/rails/templates/rails/welcome/index.html.erb (Duration: 9.5ms | Allocations: 730)
Completed 200 OK in 69ms (Views: 25.7ms | ActiveRecord: 0.0ms | Allocations: 7046)


Started GET "/" for ::1 at 2022-01-25 19:31:22 -0600
Processing by PagesController#home as HTML
  Rendering layout layouts/application.html.erb
  Rendering pages/home.html.erb within layouts/application
  Rendered pages/home.html.erb within layouts/application (Duration: 2.3ms | Allocations: 124)
  Rendered layout layouts/application.html.erb (Duration: 403.9ms | Allocations: 96778)
Completed 200 OK in 409ms (Views: 406.9ms | Allocations: 97899)


Started GET "/about" for ::1 at 2022-01-25 19:31:25 -0600
Processing by PagesController#about as HTML
  Rendering layout layouts/application.html.erb
  Rendering pages/about.html.erb within layouts/application
  Rendered pages/about.html.erb within layouts/application (Duration: 1.9ms | Allocations: 115)
  Rendered layout layouts/application.html.erb (Duration: 8.2ms | Allocations: 2488)
Completed 200 OK in 10ms (Views: 8.7ms | Allocations: 2867)


Started GET "/about" for ::1 at 2022-01-25 19:31:43 -0600
Processing by PagesController#about as HTML
  Rendering layout layouts/application.html.erb
  Rendering pages/about.html.erb within layouts/application
  Rendered pages/about.html.erb within layouts/application (Duration: 0.0ms | Allocations: 15)
  Rendered layout layouts/application.html.erb (Duration: 5.8ms | Allocations: 2363)
Completed 200 OK in 8ms (Views: 6.3ms | Allocations: 2679)


Started GET "/about" for ::1 at 2022-01-25 19:31:48 -0600
Processing by PagesController#about as HTML
  Rendering layout layouts/application.html.erb
  Rendering pages/about.html.erb within layouts/application
  Rendered pages/about.html.erb within layouts/application (Duration: 2.6ms | Allocations: 123)
  Rendered layout layouts/application.html.erb (Duration: 10.4ms | Allocations: 2764)
Completed 200 OK in 16ms (Views: 13.9ms | Allocations: 3797)


  [1m[35m (3.4ms)[0m  [1m[34mSELECT sqlite_version(*)[0m
  [1m[35m (2.4ms)[0m  [1m[35mCREATE TABLE "schema_migrations" ("version" varchar NOT NULL PRIMARY KEY)[0m
  [1m[35m (2.6ms)[0m  [1m[35mCREATE TABLE "ar_internal_metadata" ("key" varchar NOT NULL PRIMARY KEY, "value" varchar, "created_at" datetime(6) NOT NULL, "updated_at" datetime(6) NOT NULL)[0m
  [1m[36mActiveRecord::SchemaMigration Pluck (0.2ms)[0m  [1m[34mSELECT "schema_migrations"."version" FROM "schema_migrations" ORDER BY "schema_migrations"."version" ASC[0m
Migrating to CreateArticles (20220126032135)
  [1m[36mTRANSACTION (0.1ms)[0m  [1m[36mbegin transaction[0m
  [1m[35m (1.0ms)[0m  [1m[35mCREATE TABLE "articles" ("id" integer PRIMARY KEY AUTOINCREMENT NOT NULL, "title" varchar, "description" text, "created_at" datetime(6) NOT NULL, "updated_at" datetime(6) NOT NULL)[0m
  [1m[36mActiveRecord::SchemaMigration Create (0.2ms)[0m  [1m[32mINSERT INTO "schema_migrations" ("version") VALUES (?)[0m  [["version", "20220126032135"]]
  [1m[36mTRANSACTION (2.4ms)[0m  [1m[36mcommit transaction[0m
  [1m[36mActiveRecord::InternalMetadata Load (0.3ms)[0m  [1m[34mSELECT "ar_internal_metadata".* FROM "ar_internal_metadata" WHERE "ar_internal_metadata"."key" = ? LIMIT ?[0m  [["key", "environment"], ["LIMIT", 1]]
  [1m[36mTRANSACTION (0.0ms)[0m  [1m[36mbegin transaction[0m
  [1m[36mActiveRecord::InternalMetadata Create (0.9ms)[0m  [1m[32mINSERT INTO "ar_internal_metadata" ("key", "value", "created_at", "updated_at") VALUES (?, ?, ?, ?)[0m  [["key", "environment"], ["value", "development"], ["created_at", "2022-01-26 03:22:53.961668"], ["updated_at", "2022-01-26 03:22:53.961668"]]
  [1m[36mTRANSACTION (1.9ms)[0m  [1m[36mcommit transaction[0m
  [1m[35m (0.1ms)[0m  [1m[34mSELECT sqlite_version(*)[0m
  [1m[36mActiveRecord::SchemaMigration Pluck (0.1ms)[0m  [1m[34mSELECT "schema_migrations"."version" FROM "schema_migrations" ORDER BY "schema_migrations"."version" ASC[0m
Started GET "/" for ::1 at 2022-01-25 21:27:19 -0600
  [1m[35m (2.3ms)[0m  [1m[34mSELECT sqlite_version(*)[0m
  [1m[36mActiveRecord::SchemaMigration Pluck (0.1ms)[0m  [1m[34mSELECT "schema_migrations"."version" FROM "schema_migrations" ORDER BY "schema_migrations"."version" ASC[0m
Processing by PagesController#home as HTML
  Rendering layout layouts/application.html.erb
  Rendering pages/home.html.erb within layouts/application
  Rendered pages/home.html.erb within layouts/application (Duration: 4.4ms | Allocations: 370)
  Rendered layout layouts/application.html.erb (Duration: 103.9ms | Allocations: 36109)
Completed 200 OK in 135ms (Views: 112.9ms | ActiveRecord: 0.0ms | Allocations: 41413)


Started GET "/home" for ::1 at 2022-01-25 21:27:24 -0600
  
ActionController::RoutingError (No route matches [GET] "/home"):
  
Started GET "/about" for ::1 at 2022-01-25 21:27:26 -0600
Processing by PagesController#about as HTML
  Rendering layout layouts/application.html.erb
  Rendering pages/about.html.erb within layouts/application
  Rendered pages/about.html.erb within layouts/application (Duration: 2.0ms | Allocations: 119)
  Rendered layout layouts/application.html.erb (Duration: 8.2ms | Allocations: 2381)
Completed 200 OK in 11ms (Views: 8.8ms | ActiveRecord: 0.0ms | Allocations: 2764)


Started GET "/articles" for ::1 at 2022-01-25 21:27:54 -0600
Processing by ArticlesController#index as HTML
  Rendering layout layouts/application.html.erb
  Rendering articles/index.html.erb within layouts/application
  [1m[36mArticle Load (0.2ms)[0m  [1m[34mSELECT "articles".* FROM "articles"[0m
  ↳ app/views/articles/index.html.erb:6
  Rendered articles/index.html.erb within layouts/application (Duration: 3.6ms | Allocations: 1116)
  Rendered layout layouts/application.html.erb (Duration: 9.4ms | Allocations: 3303)
Completed 200 OK in 23ms (Views: 12.1ms | ActiveRecord: 0.2ms | Allocations: 4866)


Started GET "/articles/new" for ::1 at 2022-01-25 21:27:57 -0600
Processing by ArticlesController#new as HTML
  Rendering layout layouts/application.html.erb
  Rendering articles/new.html.erb within layouts/application
  Rendered articles/_form.html.erb (Duration: 34.0ms | Allocations: 3229)
  Rendered articles/new.html.erb within layouts/application (Duration: 36.3ms | Allocations: 3544)
  Rendered layout layouts/application.html.erb (Duration: 41.8ms | Allocations: 5640)
Completed 200 OK in 56ms (Views: 42.4ms | ActiveRecord: 0.5ms | Allocations: 10597)


Started POST "/articles" for ::1 at 2022-01-25 21:28:50 -0600
Processing by ArticlesController#create as TURBO_STREAM
  Parameters: {"authenticity_token"=>"[FILTERED]", "article"=>{"title"=>"first article", "description"=>"first article"}, "commit"=>"Create Article"}
  [1m[36mTRANSACTION (0.1ms)[0m  [1m[36mbegin transaction[0m
  ↳ app/controllers/articles_controller.rb:27:in `block in create'
  [1m[36mArticle Create (0.9ms)[0m  [1m[32mINSERT INTO "articles" ("title", "description", "created_at", "updated_at") VALUES (?, ?, ?, ?)[0m  [["title", "first article"], ["description", "first article"], ["created_at", "2022-01-26 03:28:51.000947"], ["updated_at", "2022-01-26 03:28:51.000947"]]
  ↳ app/controllers/articles_controller.rb:27:in `block in create'
  [1m[36mTRANSACTION (1.8ms)[0m  [1m[36mcommit transaction[0m
  ↳ app/controllers/articles_controller.rb:27:in `block in create'
Redirected to http://localhost:3000/articles/1
Completed 302 Found in 7ms (ActiveRecord: 2.8ms | Allocations: 3294)


Started GET "/articles/1" for ::1 at 2022-01-25 21:28:51 -0600
Processing by ArticlesController#show as TURBO_STREAM
  Parameters: {"id"=>"1"}
  [1m[36mArticle Load (0.2ms)[0m  [1m[34mSELECT "articles".* FROM "articles" WHERE "articles"."id" = ? LIMIT ?[0m  [["id", 1], ["LIMIT", 1]]
  ↳ app/controllers/articles_controller.rb:63:in `set_article'
  Rendering layout layouts/application.html.erb
  Rendering articles/show.html.erb within layouts/application
  Rendered articles/_article.html.erb (Duration: 1.3ms | Allocations: 207)
  Rendered articles/show.html.erb within layouts/application (Duration: 7.3ms | Allocations: 1250)
  Rendered layout layouts/application.html.erb (Duration: 12.2ms | Allocations: 3338)
Completed 200 OK in 18ms (Views: 12.6ms | ActiveRecord: 0.2ms | Allocations: 6106)


Started GET "/articles" for ::1 at 2022-01-25 21:29:12 -0600
Processing by ArticlesController#index as HTML
  Rendering layout layouts/application.html.erb
  Rendering articles/index.html.erb within layouts/application
  [1m[36mArticle Load (0.1ms)[0m  [1m[34mSELECT "articles".* FROM "articles"[0m
  ↳ app/views/articles/index.html.erb:6
  Rendered articles/_article.html.erb (Duration: 0.1ms | Allocations: 23)
  Rendered articles/index.html.erb within layouts/application (Duration: 1.7ms | Allocations: 870)
  Rendered layout layouts/application.html.erb (Duration: 8.4ms | Allocations: 2980)
Completed 200 OK in 10ms (Views: 8.8ms | ActiveRecord: 0.1ms | Allocations: 3323)


Started GET "/articles/new" for ::1 at 2022-01-25 21:29:17 -0600
Processing by ArticlesController#new as HTML
  Rendering layout layouts/application.html.erb
  Rendering articles/new.html.erb within layouts/application
  Rendered articles/_form.html.erb (Duration: 1.6ms | Allocations: 805)
  Rendered articles/new.html.erb within layouts/application (Duration: 1.8ms | Allocations: 898)
  Rendered layout layouts/application.html.erb (Duration: 8.0ms | Allocations: 3011)
Completed 200 OK in 17ms (Views: 15.9ms | ActiveRecord: 0.0ms | Allocations: 3357)


Started POST "/articles" for ::1 at 2022-01-25 21:29:26 -0600
Processing by ArticlesController#create as TURBO_STREAM
  Parameters: {"authenticity_token"=>"[FILTERED]", "article"=>{"title"=>"second article", "description"=>"second article description"}, "commit"=>"Create Article"}
  [1m[36mTRANSACTION (0.1ms)[0m  [1m[36mbegin transaction[0m
  ↳ app/controllers/articles_controller.rb:27:in `block in create'
  [1m[36mArticle Create (0.9ms)[0m  [1m[32mINSERT INTO "articles" ("title", "description", "created_at", "updated_at") VALUES (?, ?, ?, ?)[0m  [["title", "second article"], ["description", "second article description"], ["created_at", "2022-01-26 03:29:26.714313"], ["updated_at", "2022-01-26 03:29:26.714313"]]
  ↳ app/controllers/articles_controller.rb:27:in `block in create'
  [1m[36mTRANSACTION (2.0ms)[0m  [1m[36mcommit transaction[0m
  ↳ app/controllers/articles_controller.rb:27:in `block in create'
Redirected to http://localhost:3000/articles/2
Completed 302 Found in 7ms (ActiveRecord: 2.9ms | Allocations: 2148)


Started GET "/articles/2" for ::1 at 2022-01-25 21:29:26 -0600
Processing by ArticlesController#show as TURBO_STREAM
  Parameters: {"id"=>"2"}
  [1m[36mArticle Load (0.1ms)[0m  [1m[34mSELECT "articles".* FROM "articles" WHERE "articles"."id" = ? LIMIT ?[0m  [["id", 2], ["LIMIT", 1]]
  ↳ app/controllers/articles_controller.rb:63:in `set_article'
  Rendering layout layouts/application.html.erb
  Rendering articles/show.html.erb within layouts/application
  Rendered articles/_article.html.erb (Duration: 0.1ms | Allocations: 24)
  Rendered articles/show.html.erb within layouts/application (Duration: 0.9ms | Allocations: 493)
  Rendered layout layouts/application.html.erb (Duration: 5.7ms | Allocations: 2581)
Completed 200 OK in 8ms (Views: 6.1ms | ActiveRecord: 0.1ms | Allocations: 3362)


Started GET "/articles" for ::1 at 2022-01-25 21:29:28 -0600
Processing by ArticlesController#index as HTML
  Rendering layout layouts/application.html.erb
  Rendering articles/index.html.erb within layouts/application
  [1m[36mArticle Load (0.1ms)[0m  [1m[34mSELECT "articles".* FROM "articles"[0m
  ↳ app/views/articles/index.html.erb:6
  Rendered articles/_article.html.erb (Duration: 0.1ms | Allocations: 23)
  Rendered articles/_article.html.erb (Duration: 0.1ms | Allocations: 23)
  Rendered articles/index.html.erb within layouts/application (Duration: 1.9ms | Allocations: 985)
  Rendered layout layouts/application.html.erb (Duration: 8.0ms | Allocations: 3094)
Completed 200 OK in 10ms (Views: 8.4ms | ActiveRecord: 0.1ms | Allocations: 3429)


